{"uuid":"0f392556-ac11-4962-9d94-55c8a0b1e671","historyId":"f25e4e5bec6b5a93535286cb02da2705","fullName":"lesson05.ReportsExample.Test3_TheHulk","labels":[{"name":"package","value":"lesson05.ReportsExample"},{"name":"testClass","value":"lesson05.ReportsExample"},{"name":"testMethod","value":"Test3_TheHulk"},{"name":"parentSuite","value":"Default Suite"},{"name":"suite","value":"TestAutomation"},{"name":"subSuite","value":"lesson05.ReportsExample"},{"name":"host","value":"DESKTOP-O9P40TL"},{"name":"thread","value":"21444@DESKTOP-O9P40TL.main(1)"},{"name":"framework","value":"testng"},{"name":"language","value":"java"}],"links":[],"name":"Login with TheHulk.","status":"failed","statusDetails":{"known":false,"muted":false,"flaky":false,"message":"Assert Failed,see details: java.lang.AssertionError: expected [kuku] but found [6.6]","trace":"java.lang.AssertionError: Assert Failed,see details: java.lang.AssertionError: expected [kuku] but found [6.6]\r\n\tat org.testng.AssertJUnit.fail(AssertJUnit.java:47)\r\n\tat lesson05.ReportsExample.verifyScore(ReportsExample.java:85)\r\n\tat lesson05.ReportsExample.Test3_TheHulk(ReportsExample.java:69)\r\n\tat sun.reflect.NativeMethodAccessorImpl.invoke0(Native Method)\r\n\tat sun.reflect.NativeMethodAccessorImpl.invoke(NativeMethodAccessorImpl.java:62)\r\n\tat sun.reflect.DelegatingMethodAccessorImpl.invoke(DelegatingMethodAccessorImpl.java:43)\r\n\tat java.lang.reflect.Method.invoke(Method.java:498)\r\n\tat org.testng.internal.MethodInvocationHelper.invokeMethod(MethodInvocationHelper.java:133)\r\n\tat org.testng.internal.TestInvoker.invokeMethod(TestInvoker.java:584)\r\n\tat org.testng.internal.TestInvoker.invokeTestMethod(TestInvoker.java:172)\r\n\tat org.testng.internal.MethodRunner.runInSequence(MethodRunner.java:46)\r\n\tat org.testng.internal.TestInvoker$MethodInvocationAgent.invoke(TestInvoker.java:804)\r\n\tat org.testng.internal.TestInvoker.invokeTestMethods(TestInvoker.java:145)\r\n\tat org.testng.internal.TestMethodWorker.invokeTestMethods(TestMethodWorker.java:146)\r\n\tat org.testng.internal.TestMethodWorker.run(TestMethodWorker.java:128)\r\n\tat java.util.ArrayList.forEach(ArrayList.java:1257)\r\n\tat org.testng.TestRunner.privateRun(TestRunner.java:770)\r\n\tat org.testng.TestRunner.run(TestRunner.java:591)\r\n\tat org.testng.SuiteRunner.runTest(SuiteRunner.java:402)\r\n\tat org.testng.SuiteRunner.runSequentially(SuiteRunner.java:396)\r\n\tat org.testng.SuiteRunner.privateRun(SuiteRunner.java:355)\r\n\tat org.testng.SuiteRunner.run(SuiteRunner.java:304)\r\n\tat org.testng.SuiteRunnerWorker.runSuite(SuiteRunnerWorker.java:53)\r\n\tat org.testng.SuiteRunnerWorker.run(SuiteRunnerWorker.java:96)\r\n\tat org.testng.TestNG.runSuitesSequentially(TestNG.java:1180)\r\n\tat org.testng.TestNG.runSuitesLocally(TestNG.java:1102)\r\n\tat org.testng.TestNG.runSuites(TestNG.java:1032)\r\n\tat org.testng.TestNG.run(TestNG.java:1000)\r\n\tat com.intellij.rt.testng.IDEARemoteTestNG.run(IDEARemoteTestNG.java:66)\r\n\tat com.intellij.rt.testng.RemoteTestNGStarter.main(RemoteTestNGStarter.java:109)\r\n"},"stage":"finished","description":"Test Description: TheHulk.","steps":[{"name":"Login with Credentials.","status":"passed","stage":"finished","steps":[],"attachments":[],"parameters":[{"name":"user","value":"TheHulk"},{"name":"pass","value":"TheHulkRocks"}],"start":1636450999631,"stop":1636451001976},{"name":"Verify Movie Score","status":"failed","statusDetails":{"known":false,"muted":false,"flaky":false,"message":"Assert Failed,see details: java.lang.AssertionError: expected [kuku] but found [6.6]","trace":"java.lang.AssertionError: Assert Failed,see details: java.lang.AssertionError: expected [kuku] but found [6.6]\r\n\tat org.testng.AssertJUnit.fail(AssertJUnit.java:47)\r\n\tat lesson05.ReportsExample.verifyScore(ReportsExample.java:85)\r\n\tat lesson05.ReportsExample.Test3_TheHulk(ReportsExample.java:69)\r\n\tat sun.reflect.NativeMethodAccessorImpl.invoke0(Native Method)\r\n\tat sun.reflect.NativeMethodAccessorImpl.invoke(NativeMethodAccessorImpl.java:62)\r\n\tat sun.reflect.DelegatingMethodAccessorImpl.invoke(DelegatingMethodAccessorImpl.java:43)\r\n\tat java.lang.reflect.Method.invoke(Method.java:498)\r\n\tat org.testng.internal.MethodInvocationHelper.invokeMethod(MethodInvocationHelper.java:133)\r\n\tat org.testng.internal.TestInvoker.invokeMethod(TestInvoker.java:584)\r\n\tat org.testng.internal.TestInvoker.invokeTestMethod(TestInvoker.java:172)\r\n\tat org.testng.internal.MethodRunner.runInSequence(MethodRunner.java:46)\r\n\tat org.testng.internal.TestInvoker$MethodInvocationAgent.invoke(TestInvoker.java:804)\r\n\tat org.testng.internal.TestInvoker.invokeTestMethods(TestInvoker.java:145)\r\n\tat org.testng.internal.TestMethodWorker.invokeTestMethods(TestMethodWorker.java:146)\r\n\tat org.testng.internal.TestMethodWorker.run(TestMethodWorker.java:128)\r\n\tat java.util.ArrayList.forEach(ArrayList.java:1257)\r\n\tat org.testng.TestRunner.privateRun(TestRunner.java:770)\r\n\tat org.testng.TestRunner.run(TestRunner.java:591)\r\n\tat org.testng.SuiteRunner.runTest(SuiteRunner.java:402)\r\n\tat org.testng.SuiteRunner.runSequentially(SuiteRunner.java:396)\r\n\tat org.testng.SuiteRunner.privateRun(SuiteRunner.java:355)\r\n\tat org.testng.SuiteRunner.run(SuiteRunner.java:304)\r\n\tat org.testng.SuiteRunnerWorker.runSuite(SuiteRunnerWorker.java:53)\r\n\tat org.testng.SuiteRunnerWorker.run(SuiteRunnerWorker.java:96)\r\n\tat org.testng.TestNG.runSuitesSequentially(TestNG.java:1180)\r\n\tat org.testng.TestNG.runSuitesLocally(TestNG.java:1102)\r\n\tat org.testng.TestNG.runSuites(TestNG.java:1032)\r\n\tat org.testng.TestNG.run(TestNG.java:1000)\r\n\tat com.intellij.rt.testng.IDEARemoteTestNG.run(IDEARemoteTestNG.java:66)\r\n\tat com.intellij.rt.testng.RemoteTestNGStarter.main(RemoteTestNGStarter.java:109)\r\n"},"stage":"finished","steps":[],"attachments":[{"name":"saveScreenshot","source":"17e95ae3-c112-41bd-a5fc-213df43d78e3-attachment"}],"parameters":[{"name":"expected","value":"kuku"}],"start":1636451001982,"stop":1636451002270}],"attachments":[],"parameters":[],"start":1636450998015,"stop":1636451002273}