{"uuid":"4e3f658a-e715-4d88-a6ce-ffc99495128e","historyId":"fdf4c2c736e1c7ebf0972f111621ca54","fullName":"lesson05.SuperCalculatorV1.test01_calculate","labels":[{"name":"package","value":"lesson05.SuperCalculatorV1"},{"name":"testClass","value":"lesson05.SuperCalculatorV1"},{"name":"testMethod","value":"test01_calculate"},{"name":"parentSuite","value":"Default Suite"},{"name":"suite","value":"TestAutomation"},{"name":"subSuite","value":"lesson05.SuperCalculatorV1"},{"name":"host","value":"DESKTOP-O9P40TL"},{"name":"thread","value":"29852@DESKTOP-O9P40TL.main(1)"},{"name":"framework","value":"testng"},{"name":"language","value":"java"}],"links":[],"name":"test01_calculate","status":"failed","statusDetails":{"known":false,"muted":false,"flaky":false,"message":"Assert Failed,see details: org.openqa.selenium.InvalidSelectorException: invalid selector: Unable to locate an element with the xpath expression //td[@ng-binding'] because of the following error:\nSyntaxError: Failed to execute 'evaluate' on 'Document': The string '//td[@ng-binding']' is not a valid XPath expression.\n  (Session info: chrome=95.0.4638.69)\nFor documentation on this error, please visit: https://www.seleniumhq.org/exceptions/invalid_selector_exception.html\nBuild info: version: '3.141.59', revision: 'e82be7d358', time: '2018-11-14T08:17:03'\nSystem info: host: 'DESKTOP-O9P40TL', ip: '10.0.0.4', os.name: 'Windows 10', os.arch: 'amd64', os.version: '10.0', java.version: '1.8.0_211'\nDriver info: org.openqa.selenium.chrome.ChromeDriver\nCapabilities {acceptInsecureCerts: false, browserName: chrome, browserVersion: 95.0.4638.69, chrome: {chromedriverVersion: 95.0.4638.69 (6a1600ed572fe..., userDataDir: C:\\Users\\Sgnv\\AppData\\Local...}, goog:chromeOptions: {debuggerAddress: localhost:60402}, javascriptEnabled: true, networkConnectionEnabled: false, pageLoadStrategy: normal, platform: WINDOWS, platformName: WINDOWS, proxy: Proxy(), setWindowRect: true, strictFileInteractability: false, timeouts: {implicit: 0, pageLoad: 300000, script: 30000}, unhandledPromptBehavior: dismiss and notify, webauthn:extension:credBlob: true, webauthn:extension:largeBlob: true, webauthn:virtualAuthenticators: true}\nSession ID: a0ecd97db9802c0cbc35388d83fd89bd\n*** Element info: {Using=xpath, value=//td[@ng-binding']}","trace":"java.lang.AssertionError: Assert Failed,see details: org.openqa.selenium.InvalidSelectorException: invalid selector: Unable to locate an element with the xpath expression //td[@ng-binding'] because of the following error:\nSyntaxError: Failed to execute 'evaluate' on 'Document': The string '//td[@ng-binding']' is not a valid XPath expression.\n  (Session info: chrome=95.0.4638.69)\nFor documentation on this error, please visit: https://www.seleniumhq.org/exceptions/invalid_selector_exception.html\nBuild info: version: '3.141.59', revision: 'e82be7d358', time: '2018-11-14T08:17:03'\nSystem info: host: 'DESKTOP-O9P40TL', ip: '10.0.0.4', os.name: 'Windows 10', os.arch: 'amd64', os.version: '10.0', java.version: '1.8.0_211'\nDriver info: org.openqa.selenium.chrome.ChromeDriver\nCapabilities {acceptInsecureCerts: false, browserName: chrome, browserVersion: 95.0.4638.69, chrome: {chromedriverVersion: 95.0.4638.69 (6a1600ed572fe..., userDataDir: C:\\Users\\Sgnv\\AppData\\Local...}, goog:chromeOptions: {debuggerAddress: localhost:60402}, javascriptEnabled: true, networkConnectionEnabled: false, pageLoadStrategy: normal, platform: WINDOWS, platformName: WINDOWS, proxy: Proxy(), setWindowRect: true, strictFileInteractability: false, timeouts: {implicit: 0, pageLoad: 300000, script: 30000}, unhandledPromptBehavior: dismiss and notify, webauthn:extension:credBlob: true, webauthn:extension:largeBlob: true, webauthn:virtualAuthenticators: true}\nSession ID: a0ecd97db9802c0cbc35388d83fd89bd\n*** Element info: {Using=xpath, value=//td[@ng-binding']}\r\n\tat org.testng.AssertJUnit.fail(AssertJUnit.java:47)\r\n\tat lesson05.SuperCalculatorV1.test01_calculate(SuperCalculatorV1.java:54)\r\n\tat sun.reflect.NativeMethodAccessorImpl.invoke0(Native Method)\r\n\tat sun.reflect.NativeMethodAccessorImpl.invoke(NativeMethodAccessorImpl.java:62)\r\n\tat sun.reflect.DelegatingMethodAccessorImpl.invoke(DelegatingMethodAccessorImpl.java:43)\r\n\tat java.lang.reflect.Method.invoke(Method.java:498)\r\n\tat org.testng.internal.MethodInvocationHelper.invokeMethod(MethodInvocationHelper.java:133)\r\n\tat org.testng.internal.TestInvoker.invokeMethod(TestInvoker.java:584)\r\n\tat org.testng.internal.TestInvoker.invokeTestMethod(TestInvoker.java:172)\r\n\tat org.testng.internal.MethodRunner.runInSequence(MethodRunner.java:46)\r\n\tat org.testng.internal.TestInvoker$MethodInvocationAgent.invoke(TestInvoker.java:804)\r\n\tat org.testng.internal.TestInvoker.invokeTestMethods(TestInvoker.java:145)\r\n\tat org.testng.internal.TestMethodWorker.invokeTestMethods(TestMethodWorker.java:146)\r\n\tat org.testng.internal.TestMethodWorker.run(TestMethodWorker.java:128)\r\n\tat java.util.ArrayList.forEach(ArrayList.java:1257)\r\n\tat org.testng.TestRunner.privateRun(TestRunner.java:770)\r\n\tat org.testng.TestRunner.run(TestRunner.java:591)\r\n\tat org.testng.SuiteRunner.runTest(SuiteRunner.java:402)\r\n\tat org.testng.SuiteRunner.runSequentially(SuiteRunner.java:396)\r\n\tat org.testng.SuiteRunner.privateRun(SuiteRunner.java:355)\r\n\tat org.testng.SuiteRunner.run(SuiteRunner.java:304)\r\n\tat org.testng.SuiteRunnerWorker.runSuite(SuiteRunnerWorker.java:53)\r\n\tat org.testng.SuiteRunnerWorker.run(SuiteRunnerWorker.java:96)\r\n\tat org.testng.TestNG.runSuitesSequentially(TestNG.java:1180)\r\n\tat org.testng.TestNG.runSuitesLocally(TestNG.java:1102)\r\n\tat org.testng.TestNG.runSuites(TestNG.java:1032)\r\n\tat org.testng.TestNG.run(TestNG.java:1000)\r\n\tat com.intellij.rt.testng.IDEARemoteTestNG.run(IDEARemoteTestNG.java:66)\r\n\tat com.intellij.rt.testng.RemoteTestNGStarter.main(RemoteTestNGStarter.java:109)\r\n"},"stage":"finished","steps":[{"name":"Fill in details.","status":"passed","stage":"finished","steps":[],"attachments":[],"parameters":[{"name":"first_value","value":"1"},{"name":"myOperator","value":"*"},{"name":"second_value","value":"1"}],"start":1636464338866,"stop":1636464339228},{"name":"Fill in details.","status":"passed","stage":"finished","steps":[],"attachments":[],"parameters":[{"name":"first_value","value":"1"},{"name":"myOperator","value":"*"},{"name":"second_value","value":"2"}],"start":1636464341241,"stop":1636464341429},{"name":"Fill in details.","status":"passed","stage":"finished","steps":[],"attachments":[],"parameters":[{"name":"first_value","value":"1"},{"name":"myOperator","value":"*"},{"name":"second_value","value":"3"}],"start":1636464343429,"stop":1636464343621},{"name":"Fill in details.","status":"passed","stage":"finished","steps":[],"attachments":[],"parameters":[{"name":"first_value","value":"2"},{"name":"myOperator","value":"*"},{"name":"second_value","value":"1"}],"start":1636464345622,"stop":1636464345842},{"name":"Fill in details.","status":"passed","stage":"finished","steps":[],"attachments":[],"parameters":[{"name":"first_value","value":"2"},{"name":"myOperator","value":"*"},{"name":"second_value","value":"2"}],"start":1636464347853,"stop":1636464348056},{"name":"Fill in details.","status":"passed","stage":"finished","steps":[],"attachments":[],"parameters":[{"name":"first_value","value":"2"},{"name":"myOperator","value":"*"},{"name":"second_value","value":"3"}],"start":1636464350059,"stop":1636464350243},{"name":"Fill in details.","status":"passed","stage":"finished","steps":[],"attachments":[],"parameters":[{"name":"first_value","value":"3"},{"name":"myOperator","value":"*"},{"name":"second_value","value":"1"}],"start":1636464352254,"stop":1636464352457},{"name":"Fill in details.","status":"passed","stage":"finished","steps":[],"attachments":[],"parameters":[{"name":"first_value","value":"3"},{"name":"myOperator","value":"*"},{"name":"second_value","value":"2"}],"start":1636464354464,"stop":1636464354680},{"name":"Fill in details.","status":"passed","stage":"finished","steps":[],"attachments":[],"parameters":[{"name":"first_value","value":"3"},{"name":"myOperator","value":"*"},{"name":"second_value","value":"3"}],"start":1636464356695,"stop":1636464356929},{"name":"Print Results.","status":"broken","statusDetails":{"known":false,"muted":false,"flaky":false,"message":"invalid selector: Unable to locate an element with the xpath expression //td[@ng-binding'] because of the following error:\nSyntaxError: Failed to execute 'evaluate' on 'Document': The string '//td[@ng-binding']' is not a valid XPath expression.\n  (Session info: chrome=95.0.4638.69)\nFor documentation on this error, please visit: https://www.seleniumhq.org/exceptions/invalid_selector_exception.html\nBuild info: version: '3.141.59', revision: 'e82be7d358', time: '2018-11-14T08:17:03'\nSystem info: host: 'DESKTOP-O9P40TL', ip: '10.0.0.4', os.name: 'Windows 10', os.arch: 'amd64', os.version: '10.0', java.version: '1.8.0_211'\nDriver info: org.openqa.selenium.chrome.ChromeDriver\nCapabilities {acceptInsecureCerts: false, browserName: chrome, browserVersion: 95.0.4638.69, chrome: {chromedriverVersion: 95.0.4638.69 (6a1600ed572fe..., userDataDir: C:\\Users\\Sgnv\\AppData\\Local...}, goog:chromeOptions: {debuggerAddress: localhost:60402}, javascriptEnabled: true, networkConnectionEnabled: false, pageLoadStrategy: normal, platform: WINDOWS, platformName: WINDOWS, proxy: Proxy(), setWindowRect: true, strictFileInteractability: false, timeouts: {implicit: 0, pageLoad: 300000, script: 30000}, unhandledPromptBehavior: dismiss and notify, webauthn:extension:credBlob: true, webauthn:extension:largeBlob: true, webauthn:virtualAuthenticators: true}\nSession ID: a0ecd97db9802c0cbc35388d83fd89bd\n*** Element info: {Using=xpath, value=//td[@ng-binding']}","trace":"org.openqa.selenium.InvalidSelectorException: invalid selector: Unable to locate an element with the xpath expression //td[@ng-binding'] because of the following error:\nSyntaxError: Failed to execute 'evaluate' on 'Document': The string '//td[@ng-binding']' is not a valid XPath expression.\n  (Session info: chrome=95.0.4638.69)\nFor documentation on this error, please visit: https://www.seleniumhq.org/exceptions/invalid_selector_exception.html\nBuild info: version: '3.141.59', revision: 'e82be7d358', time: '2018-11-14T08:17:03'\nSystem info: host: 'DESKTOP-O9P40TL', ip: '10.0.0.4', os.name: 'Windows 10', os.arch: 'amd64', os.version: '10.0', java.version: '1.8.0_211'\nDriver info: org.openqa.selenium.chrome.ChromeDriver\nCapabilities {acceptInsecureCerts: false, browserName: chrome, browserVersion: 95.0.4638.69, chrome: {chromedriverVersion: 95.0.4638.69 (6a1600ed572fe..., userDataDir: C:\\Users\\Sgnv\\AppData\\Local...}, goog:chromeOptions: {debuggerAddress: localhost:60402}, javascriptEnabled: true, networkConnectionEnabled: false, pageLoadStrategy: normal, platform: WINDOWS, platformName: WINDOWS, proxy: Proxy(), setWindowRect: true, strictFileInteractability: false, timeouts: {implicit: 0, pageLoad: 300000, script: 30000}, unhandledPromptBehavior: dismiss and notify, webauthn:extension:credBlob: true, webauthn:extension:largeBlob: true, webauthn:virtualAuthenticators: true}\nSession ID: a0ecd97db9802c0cbc35388d83fd89bd\n*** Element info: {Using=xpath, value=//td[@ng-binding']}\r\n\tat sun.reflect.NativeConstructorAccessorImpl.newInstance0(Native Method)\r\n\tat sun.reflect.NativeConstructorAccessorImpl.newInstance(NativeConstructorAccessorImpl.java:62)\r\n\tat sun.reflect.DelegatingConstructorAccessorImpl.newInstance(DelegatingConstructorAccessorImpl.java:45)\r\n\tat java.lang.reflect.Constructor.newInstance(Constructor.java:423)\r\n\tat org.openqa.selenium.remote.http.W3CHttpResponseCodec.createException(W3CHttpResponseCodec.java:187)\r\n\tat org.openqa.selenium.remote.http.W3CHttpResponseCodec.decode(W3CHttpResponseCodec.java:122)\r\n\tat org.openqa.selenium.remote.http.W3CHttpResponseCodec.decode(W3CHttpResponseCodec.java:49)\r\n\tat org.openqa.selenium.remote.HttpCommandExecutor.execute(HttpCommandExecutor.java:158)\r\n\tat org.openqa.selenium.remote.service.DriverCommandExecutor.execute(DriverCommandExecutor.java:83)\r\n\tat org.openqa.selenium.remote.RemoteWebDriver.execute(RemoteWebDriver.java:552)\r\n\tat org.openqa.selenium.remote.RemoteWebElement.execute(RemoteWebElement.java:285)\r\n\tat org.openqa.selenium.remote.RemoteWebElement.findElements(RemoteWebElement.java:204)\r\n\tat org.openqa.selenium.remote.RemoteWebElement.findElementsByXPath(RemoteWebElement.java:265)\r\n\tat org.openqa.selenium.By$ByXPath.findElements(By.java:348)\r\n\tat org.openqa.selenium.remote.RemoteWebElement.findElements(RemoteWebElement.java:177)\r\n\tat lesson05.SuperCalculatorV1.printResult(SuperCalculatorV1.java:73)\r\n\tat lesson05.SuperCalculatorV1.test01_calculate(SuperCalculatorV1.java:48)\r\n\tat sun.reflect.NativeMethodAccessorImpl.invoke0(Native Method)\r\n\tat sun.reflect.NativeMethodAccessorImpl.invoke(NativeMethodAccessorImpl.java:62)\r\n\tat sun.reflect.DelegatingMethodAccessorImpl.invoke(DelegatingMethodAccessorImpl.java:43)\r\n\tat java.lang.reflect.Method.invoke(Method.java:498)\r\n\tat org.testng.internal.MethodInvocationHelper.invokeMethod(MethodInvocationHelper.java:133)\r\n\tat org.testng.internal.TestInvoker.invokeMethod(TestInvoker.java:584)\r\n\tat org.testng.internal.TestInvoker.invokeTestMethod(TestInvoker.java:172)\r\n\tat org.testng.internal.MethodRunner.runInSequence(MethodRunner.java:46)\r\n\tat org.testng.internal.TestInvoker$MethodInvocationAgent.invoke(TestInvoker.java:804)\r\n\tat org.testng.internal.TestInvoker.invokeTestMethods(TestInvoker.java:145)\r\n\tat org.testng.internal.TestMethodWorker.invokeTestMethods(TestMethodWorker.java:146)\r\n\tat org.testng.internal.TestMethodWorker.run(TestMethodWorker.java:128)\r\n\tat java.util.ArrayList.forEach(ArrayList.java:1257)\r\n\tat org.testng.TestRunner.privateRun(TestRunner.java:770)\r\n\tat org.testng.TestRunner.run(TestRunner.java:591)\r\n\tat org.testng.SuiteRunner.runTest(SuiteRunner.java:402)\r\n\tat org.testng.SuiteRunner.runSequentially(SuiteRunner.java:396)\r\n\tat org.testng.SuiteRunner.privateRun(SuiteRunner.java:355)\r\n\tat org.testng.SuiteRunner.run(SuiteRunner.java:304)\r\n\tat org.testng.SuiteRunnerWorker.runSuite(SuiteRunnerWorker.java:53)\r\n\tat org.testng.SuiteRunnerWorker.run(SuiteRunnerWorker.java:96)\r\n\tat org.testng.TestNG.runSuitesSequentially(TestNG.java:1180)\r\n\tat org.testng.TestNG.runSuitesLocally(TestNG.java:1102)\r\n\tat org.testng.TestNG.runSuites(TestNG.java:1032)\r\n\tat org.testng.TestNG.run(TestNG.java:1000)\r\n\tat com.intellij.rt.testng.IDEARemoteTestNG.run(IDEARemoteTestNG.java:66)\r\n\tat com.intellij.rt.testng.RemoteTestNGStarter.main(RemoteTestNGStarter.java:109)\r\n"},"stage":"finished","steps":[],"attachments":[],"parameters":[],"start":1636464358942,"stop":1636464358994}],"attachments":[{"name":"saveScreenshot","source":"5e4402fe-31d7-4330-87e6-5b4a69038e66-attachment"}],"parameters":[],"start":1636464338845,"stop":1636464359096}