{"uuid":"79e4fb71-6b8a-4ad5-912b-90215cff0ecf","historyId":"d89d7e0d2a5f2ee725c9c702d3b89cb","fullName":"lesson05.ReportingSystem.test01_fillWeight","labels":[{"name":"package","value":"lesson05.ReportingSystem"},{"name":"testClass","value":"lesson05.ReportingSystem"},{"name":"testMethod","value":"test01_fillWeight"},{"name":"parentSuite","value":"Default Suite"},{"name":"suite","value":"TestAutomation"},{"name":"subSuite","value":"lesson05.ReportingSystem"},{"name":"host","value":"DESKTOP-O9P40TL"},{"name":"thread","value":"16568@DESKTOP-O9P40TL.main(1)"},{"name":"framework","value":"testng"},{"name":"language","value":"java"}],"links":[],"name":"test01_fillWeight","status":"failed","statusDetails":{"known":false,"muted":false,"flaky":false,"message":"Assert Failed,see details: java.lang.AssertionError: expected [34fail!] but found [34]","trace":"java.lang.AssertionError: Assert Failed,see details: java.lang.AssertionError: expected [34fail!] but found [34]\r\n\tat org.testng.AssertJUnit.fail(AssertJUnit.java:47)\r\n\tat lesson05.ReportingSystem.verifyResult(ReportingSystem.java:62)\r\n\tat lesson05.ReportingSystem.test01_fillWeight(ReportingSystem.java:45)\r\n\tat sun.reflect.NativeMethodAccessorImpl.invoke0(Native Method)\r\n\tat sun.reflect.NativeMethodAccessorImpl.invoke(NativeMethodAccessorImpl.java:62)\r\n\tat sun.reflect.DelegatingMethodAccessorImpl.invoke(DelegatingMethodAccessorImpl.java:43)\r\n\tat java.lang.reflect.Method.invoke(Method.java:498)\r\n\tat org.testng.internal.MethodInvocationHelper.invokeMethod(MethodInvocationHelper.java:133)\r\n\tat org.testng.internal.TestInvoker.invokeMethod(TestInvoker.java:584)\r\n\tat org.testng.internal.TestInvoker.invokeTestMethod(TestInvoker.java:172)\r\n\tat org.testng.internal.MethodRunner.runInSequence(MethodRunner.java:46)\r\n\tat org.testng.internal.TestInvoker$MethodInvocationAgent.invoke(TestInvoker.java:804)\r\n\tat org.testng.internal.TestInvoker.invokeTestMethods(TestInvoker.java:145)\r\n\tat org.testng.internal.TestMethodWorker.invokeTestMethods(TestMethodWorker.java:146)\r\n\tat org.testng.internal.TestMethodWorker.run(TestMethodWorker.java:128)\r\n\tat java.util.ArrayList.forEach(ArrayList.java:1257)\r\n\tat org.testng.TestRunner.privateRun(TestRunner.java:770)\r\n\tat org.testng.TestRunner.run(TestRunner.java:591)\r\n\tat org.testng.SuiteRunner.runTest(SuiteRunner.java:402)\r\n\tat org.testng.SuiteRunner.runSequentially(SuiteRunner.java:396)\r\n\tat org.testng.SuiteRunner.privateRun(SuiteRunner.java:355)\r\n\tat org.testng.SuiteRunner.run(SuiteRunner.java:304)\r\n\tat org.testng.SuiteRunnerWorker.runSuite(SuiteRunnerWorker.java:53)\r\n\tat org.testng.SuiteRunnerWorker.run(SuiteRunnerWorker.java:96)\r\n\tat org.testng.TestNG.runSuitesSequentially(TestNG.java:1180)\r\n\tat org.testng.TestNG.runSuitesLocally(TestNG.java:1102)\r\n\tat org.testng.TestNG.runSuites(TestNG.java:1032)\r\n\tat org.testng.TestNG.run(TestNG.java:1000)\r\n\tat com.intellij.rt.testng.IDEARemoteTestNG.run(IDEARemoteTestNG.java:66)\r\n\tat com.intellij.rt.testng.RemoteTestNGStarter.main(RemoteTestNGStarter.java:109)\r\n"},"stage":"finished","steps":[{"name":"Fill in details.","status":"passed","stage":"finished","steps":[],"attachments":[],"parameters":[{"name":"weight","value":"90"},{"name":"height","value":"163"}],"start":1636452416911,"stop":1636452417107},{"name":"Verify Result and its meaning","status":"failed","statusDetails":{"known":false,"muted":false,"flaky":false,"message":"Assert Failed,see details: java.lang.AssertionError: expected [34fail!] but found [34]","trace":"java.lang.AssertionError: Assert Failed,see details: java.lang.AssertionError: expected [34fail!] but found [34]\r\n\tat org.testng.AssertJUnit.fail(AssertJUnit.java:47)\r\n\tat lesson05.ReportingSystem.verifyResult(ReportingSystem.java:62)\r\n\tat lesson05.ReportingSystem.test01_fillWeight(ReportingSystem.java:45)\r\n\tat sun.reflect.NativeMethodAccessorImpl.invoke0(Native Method)\r\n\tat sun.reflect.NativeMethodAccessorImpl.invoke(NativeMethodAccessorImpl.java:62)\r\n\tat sun.reflect.DelegatingMethodAccessorImpl.invoke(DelegatingMethodAccessorImpl.java:43)\r\n\tat java.lang.reflect.Method.invoke(Method.java:498)\r\n\tat org.testng.internal.MethodInvocationHelper.invokeMethod(MethodInvocationHelper.java:133)\r\n\tat org.testng.internal.TestInvoker.invokeMethod(TestInvoker.java:584)\r\n\tat org.testng.internal.TestInvoker.invokeTestMethod(TestInvoker.java:172)\r\n\tat org.testng.internal.MethodRunner.runInSequence(MethodRunner.java:46)\r\n\tat org.testng.internal.TestInvoker$MethodInvocationAgent.invoke(TestInvoker.java:804)\r\n\tat org.testng.internal.TestInvoker.invokeTestMethods(TestInvoker.java:145)\r\n\tat org.testng.internal.TestMethodWorker.invokeTestMethods(TestMethodWorker.java:146)\r\n\tat org.testng.internal.TestMethodWorker.run(TestMethodWorker.java:128)\r\n\tat java.util.ArrayList.forEach(ArrayList.java:1257)\r\n\tat org.testng.TestRunner.privateRun(TestRunner.java:770)\r\n\tat org.testng.TestRunner.run(TestRunner.java:591)\r\n\tat org.testng.SuiteRunner.runTest(SuiteRunner.java:402)\r\n\tat org.testng.SuiteRunner.runSequentially(SuiteRunner.java:396)\r\n\tat org.testng.SuiteRunner.privateRun(SuiteRunner.java:355)\r\n\tat org.testng.SuiteRunner.run(SuiteRunner.java:304)\r\n\tat org.testng.SuiteRunnerWorker.runSuite(SuiteRunnerWorker.java:53)\r\n\tat org.testng.SuiteRunnerWorker.run(SuiteRunnerWorker.java:96)\r\n\tat org.testng.TestNG.runSuitesSequentially(TestNG.java:1180)\r\n\tat org.testng.TestNG.runSuitesLocally(TestNG.java:1102)\r\n\tat org.testng.TestNG.runSuites(TestNG.java:1032)\r\n\tat org.testng.TestNG.run(TestNG.java:1000)\r\n\tat com.intellij.rt.testng.IDEARemoteTestNG.run(IDEARemoteTestNG.java:66)\r\n\tat com.intellij.rt.testng.RemoteTestNGStarter.main(RemoteTestNGStarter.java:109)\r\n"},"stage":"finished","steps":[],"attachments":[{"name":"saveScreenshot","source":"dc5fa971-5b24-4ba0-a07c-d743ce2fb04c-attachment"}],"parameters":[{"name":"expected_result","value":"34fail!"},{"name":"expected_mean","value":"That you have overweight."}],"start":1636452417108,"stop":1636452417261}],"attachments":[],"parameters":[],"start":1636452416896,"stop":1636452417269}